# JRE version: Java(TM) SE Runtime Environment (15.0.2+7) (build 15.0.2+7-27)
# Java VM: Java HotSpot(TM) 64-Bit Server VM (15.0.2+7-27, mixed mode, sharing, tiered, compressed oops, g1 gc, bsd-amd64)
GC Precious Log:
 CPUs: 4 total, 4 available
 Memory: 8192M
 Large Page Support: Disabled
 NUMA Support: Disabled
 Compressed Oops: Enabled (Zero based)
 Heap Region Size: 1M
 Heap Min Capacity: 8M
 Heap Initial Capacity: 128M
 Heap Max Capacity: 2G
 Pre-touch: Disabled
 Parallel Workers: 4
 Concurrent Workers: 1
 Concurrent Refinement Workers: 4
 Periodic GC: Disabled
Heap:
 garbage-first heap   total 73728K, used 27518K [0x0000000780000000, 0x0000000800000000)
  region size 1024K, 10 young (10240K), 1 survivors (1024K)
 Metaspace       used 28767K, capacity 29115K, committed 29440K, reserved 1075200K
  class space    used 3104K, capacity 3226K, committed 3328K, reserved 1048576K
GC Heap History (20 events):
Event: 1647.106 GC heap before
{Heap before GC invocations=191 (full 0):
 garbage-first heap   total 73728K, used 61311K [0x0000000780000000, 0x0000000800000000)
  region size 1024K, 42 young (43008K), 1 survivors (1024K)
 Metaspace       used 28762K, capacity 29115K, committed 29440K, reserved 1075200K
  class space    used 3104K, capacity 3226K, committed 3328K, reserved 1048576K
}
Event: 1647.106 GC heap after
{Heap after GC invocations=192 (full 0):
 garbage-first heap   total 73728K, used 19326K [0x0000000780000000, 0x0000000800000000)
  region size 1024K, 1 young (1024K), 1 survivors (1024K)
 Metaspace       used 28762K, capacity 29115K, committed 29440K, reserved 1075200K
  class space    used 3104K, capacity 3226K, committed 3328K, reserved 1048576K
}
Event: 1657.021 GC heap before
{Heap before GC invocations=192 (full 0):
 garbage-first heap   total 73728K, used 61310K [0x0000000780000000, 0x0000000800000000)
  region size 1024K, 42 young (43008K), 1 survivors (1024K)
 Metaspace       used 28762K, capacity 29115K, committed 29440K, reserved 1075200K
  class space    used 3104K, capacity 3226K, committed 3328K, reserved 1048576K
}
Event: 1657.022 GC heap after
{Heap after GC invocations=193 (full 0):
 garbage-first heap   total 73728K, used 19326K [0x0000000780000000, 0x0000000800000000)
  region size 1024K, 1 young (1024K), 1 survivors (1024K)
 Metaspace       used 28762K, capacity 29115K, committed 29440K, reserved 1075200K
  class space    used 3104K, capacity 3226K, committed 3328K, reserved 1048576K
}
Event: 1666.940 GC heap before
{Heap before GC invocations=193 (full 0):
 garbage-first heap   total 73728K, used 61310K [0x0000000780000000, 0x0000000800000000)
  region size 1024K, 42 young (43008K), 1 survivors (1024K)
 Metaspace       used 28762K, capacity 29115K, committed 29440K, reserved 1075200K
  class space    used 3104K, capacity 3226K, committed 3328K, reserved 1048576K
}
Event: 1666.940 GC heap after
{Heap after GC invocations=194 (full 0):
 garbage-first heap   total 73728K, used 19326K [0x0000000780000000, 0x0000000800000000)
  region size 1024K, 1 young (1024K), 1 survivors (1024K)
 Metaspace       used 28762K, capacity 29115K, committed 29440K, reserved 1075200K
  class space    used 3104K, capacity 3226K, committed 3328K, reserved 1048576K
}
Event: 1676.856 GC heap before
{Heap before GC invocations=194 (full 0):
 garbage-first heap   total 73728K, used 61310K [0x0000000780000000, 0x0000000800000000)
  region size 1024K, 42 young (43008K), 1 survivors (1024K)
 Metaspace       used 28762K, capacity 29115K, committed 29440K, reserved 1075200K
  class space    used 3104K, capacity 3226K, committed 3328K, reserved 1048576K
}
Event: 1676.856 GC heap after
{Heap after GC invocations=195 (full 0):
 garbage-first heap   total 73728K, used 19326K [0x0000000780000000, 0x0000000800000000)
  region size 1024K, 1 young (1024K), 1 survivors (1024K)
 Metaspace       used 28762K, capacity 29115K, committed 29440K, reserved 1075200K
  class space    used 3104K, capacity 3226K, committed 3328K, reserved 1048576K
}
Event: 1686.774 GC heap before
{Heap before GC invocations=195 (full 0):
 garbage-first heap   total 73728K, used 61310K [0x0000000780000000, 0x0000000800000000)
  region size 1024K, 42 young (43008K), 1 survivors (1024K)
 Metaspace       used 28762K, capacity 29115K, committed 29440K, reserved 1075200K
  class space    used 3104K, capacity 3226K, committed 3328K, reserved 1048576K
}
Event: 1686.775 GC heap after
{Heap after GC invocations=196 (full 0):
 garbage-first heap   total 73728K, used 19324K [0x0000000780000000, 0x0000000800000000)
  region size 1024K, 1 young (1024K), 1 survivors (1024K)
 Metaspace       used 28762K, capacity 29115K, committed 29440K, reserved 1075200K
  class space    used 3104K, capacity 3226K, committed 3328K, reserved 1048576K
}
Event: 1696.690 GC heap before
{Heap before GC invocations=196 (full 0):
 garbage-first heap   total 73728K, used 61308K [0x0000000780000000, 0x0000000800000000)
  region size 1024K, 42 young (43008K), 1 survivors (1024K)
 Metaspace       used 28762K, capacity 29115K, committed 29440K, reserved 1075200K
  class space    used 3104K, capacity 3226K, committed 3328K, reserved 1048576K
}
Event: 1696.690 GC heap after
{Heap after GC invocations=197 (full 0):
 garbage-first heap   total 73728K, used 19324K [0x0000000780000000, 0x0000000800000000)
  region size 1024K, 1 young (1024K), 1 survivors (1024K)
 Metaspace       used 28762K, capacity 29115K, committed 29440K, reserved 1075200K
  class space    used 3104K, capacity 3226K, committed 3328K, reserved 1048576K
}
Event: 1706.607 GC heap before
{Heap before GC invocations=197 (full 0):
 garbage-first heap   total 73728K, used 61308K [0x0000000780000000, 0x0000000800000000)
  region size 1024K, 42 young (43008K), 1 survivors (1024K)
 Metaspace       used 28762K, capacity 29115K, committed 29440K, reserved 1075200K
  class space    used 3104K, capacity 3226K, committed 3328K, reserved 1048576K
}
Event: 1706.607 GC heap after
{Heap after GC invocations=198 (full 0):
 garbage-first heap   total 73728K, used 19326K [0x0000000780000000, 0x0000000800000000)
  region size 1024K, 1 young (1024K), 1 survivors (1024K)
 Metaspace       used 28762K, capacity 29115K, committed 29440K, reserved 1075200K
  class space    used 3104K, capacity 3226K, committed 3328K, reserved 1048576K
}
Event: 1716.523 GC heap before
{Heap before GC invocations=198 (full 0):
 garbage-first heap   total 73728K, used 61310K [0x0000000780000000, 0x0000000800000000)
  region size 1024K, 42 young (43008K), 1 survivors (1024K)
 Metaspace       used 28762K, capacity 29115K, committed 29440K, reserved 1075200K
  class space    used 3104K, capacity 3226K, committed 3328K, reserved 1048576K
}
Event: 1716.524 GC heap after
{Heap after GC invocations=199 (full 0):
 garbage-first heap   total 73728K, used 19326K [0x0000000780000000, 0x0000000800000000)
  region size 1024K, 1 young (1024K), 1 survivors (1024K)
 Metaspace       used 28762K, capacity 29115K, committed 29440K, reserved 1075200K
  class space    used 3104K, capacity 3226K, committed 3328K, reserved 1048576K
}
Event: 1726.442 GC heap before
{Heap before GC invocations=199 (full 0):
 garbage-first heap   total 73728K, used 61310K [0x0000000780000000, 0x0000000800000000)
  region size 1024K, 42 young (43008K), 1 survivors (1024K)
 Metaspace       used 28762K, capacity 29115K, committed 29440K, reserved 1075200K
  class space    used 3104K, capacity 3226K, committed 3328K, reserved 1048576K
}
Event: 1726.442 GC heap after
{Heap after GC invocations=200 (full 0):
 garbage-first heap   total 73728K, used 19326K [0x0000000780000000, 0x0000000800000000)
  region size 1024K, 1 young (1024K), 1 survivors (1024K)
 Metaspace       used 28762K, capacity 29115K, committed 29440K, reserved 1075200K
  class space    used 3104K, capacity 3226K, committed 3328K, reserved 1048576K
}
Event: 1736.358 GC heap before
{Heap before GC invocations=200 (full 0):
 garbage-first heap   total 73728K, used 61310K [0x0000000780000000, 0x0000000800000000)
  region size 1024K, 42 young (43008K), 1 survivors (1024K)
 Metaspace       used 28762K, capacity 29115K, committed 29440K, reserved 1075200K
  class space    used 3104K, capacity 3226K, committed 3328K, reserved 1048576K
}
Event: 1736.358 GC heap after
{Heap after GC invocations=201 (full 0):
 garbage-first heap   total 73728K, used 19326K [0x0000000780000000, 0x0000000800000000)
  region size 1024K, 1 young (1024K), 1 survivors (1024K)
 Metaspace       used 28762K, capacity 29115K, committed 29440K, reserved 1075200K
  class space    used 3104K, capacity 3226K, committed 3328K, reserved 1048576K
}

